[   0.000] Iitlizing cgro sbsys ust
[  000000] Itializng coup bss cpu[    0.00000]niialincgro susy cpuact
[  00000 Lnux verson4.4.-1-generc uildd@y0amd64-00) cc version 5.4.0 22016009(Uuntu 5.4.0-6ubuntu11604.5)  #6-Ubtu SM Mon Dc 16:228UTC 2017 (Ubnt 4.4.0-103.126-geneic.498)
[  000000] Cmad neBOOT_IMAGE=/botvmlinu-4.0-13-neri rotLAELlodimgoofsroonole=tt1 onsolttS0
  0.00000]ERNEL supporedcpu
   0.000000]  IteGeuineIntel
[   0.0000  AMD utnticD[    00000  enaur enuraus[    00000] x6/u: xstate_fft[2]:  6,xste_zes[2]: 56
[   00000] x86/fpu: Supporting XSAVE feature 0x01: 'x87 floatingoit registers'[   0.000000] x6/pu: Spptig XSAVE feture 0x: SSE regite'
[    0.000000] x86pu Supporting XSAVE feaur0x04 'VX rgiers'[   0.0000 x86/fpu:naled xsatfeatre0x, coexssiz i832 byesusing 'standd' frm.
[   0.00000] x6/u:Usg azy'PUcontt itches.
[   .00000e80: BS-roviedphysicl AMmap:
[  0.0000 BOS-e0:mem 00000000000-0x00000009fbf] abe
[  00000 BOSe8: me0x00000000c00-0x00000009ff rseed
[   0.0000] BIOSe8: [mm 000000000f00000x000000000ff] reseed
[  0000000] OSe820[m 0x000000010000x000003feffff ubl
[   .0000] BOS82: [me 0000000ff00-0x00000003fffffff ACPda
[   00000] BIOS-20 [mem 000000fe00000-0x00000fec0f] reerd
[  0.0000] BI-e20: [mem0x000000fe0000-0x00000fe00ff resve
[    00000] IOe80: [mem 0x00000000fffc0000-0x000000fffff] rerd
[    00000] X xeut Disable) rotecton activ
[   0.000] SMBIO2. present.
[  0.0000] Hypevior deced KVM[   0.000] e820: lt_pf= 3fff0axrch_pf= x40000
[   0.0000] MTR: isabled
[    0000] x86PA MRRs isbled sipin P initialiatn too.[   0.0000 CPMTs all blank - virtualized system.
[   0.0000 x/PT:onigratn -7]: W  T  UC- UC WBWT UC- UC  
[   0.000] oundSM Mtablet mem 0x0009ff0-000ffff mppd at [ffff800009f0]
[  0.0000 Scanning 1 areas for low memory corruptionn
   0.000] RMDK:[mem 036de000-0x566ff][    00000] ACPI: rly tablehecksu vificatio dable
  0.0000] CPI: RDPx00000000E0000 0024 (v2 BO  )[   0.0000] AI:XSDT 0x0000003FF00 0000C 01 VB  BOXXSD0000001 L 00000)[    0.000]ACPI:AC 0x000003FFFF00004 04 VBOX  OXACP 00000001 ASL  00000061)
[    0.000000] ACPI: DSDT 0x000003FFF0470 0021FF (v02 VBOX   VBOXBIOS 00000002 INTL 20100528)
[    0.000000] ACPI: FACS 0x000000003FFF0200 000040
[    0.000000 AI:FACS0x000003F0200 00040
[   0.0000 ACPI: APIC 0000000003FF040005C (02BOX   VBXAIC0000000 A  00001)
[   .000] CPI: SSDT 0x000000FF2A0 01C (v0 VBOX   BOXCPU 000002 ITL010052
    0.0000] NoNUA onguatio foud[    000000] Fki a node at [m 0x00000000000x00000003effff][    0.000] NODE_TA) allote [mem 0x3feb00-0ffffff
   0.000] vm-clock Uingmsrs 4b564d01 and 4b564d00
[   .00000] vmcloc: u 0,ms0:3f3001, rima c clock   0.000] vm-clo: si sed ofs of 353495 ccls[   .0000]loksourc km-clck msk: 0ffffffffffff mx_cycls:x1cd424dfb mx_dle_ns: 8159059148 n
[    0.000] Zo rges:
[   .00000  DMA      [mem 0x00000000100-0000000fffff][   0.000]  MA2   [m 0000000000100000x00000ffeffff
   0.000000]  orma  empty
[    0.0000]   vie   empty
[   .000000] Mvabl ze tat r each nde
[    00000] rl memy ode rang
[    00000]  ne  0: me0x00000000010-x00000009efff]
[    0.0000] noe   0:me 0x0000000000-0x00003ffefff]
[  .00000] itm setu ne 0 [memx00000000100x00000ffffff]
  0.0000] ACPI: M-Timer IOPot: 000
[    .000] IOAP[0: pic_id 2, version 32, address 0xfc0000,SI0-23
[   .0000]CPI: INT_SR_OR us bus_irq0 obl_q dfl dfl
   0.000] ACP: T_SRC_R us 0usrq 9lol_irq  l lvel)
[    000000] Uing AC (DT) orMPconfurion informtin   0.00000 smpot Alwi 2 Cs,0 otpg Us
[   0.0000] PM: Reistered nosave memory[mm 0x0000-0x0000ff]
  0.00000 P: Regier nosavemeory: [me 0009f0-0x09fff]
  0.000000] : Regiteed nosavmeory:me0x000a00-x000ff
[    00000] PMReisrenosa mory:me 0x000f000x000fff
[   0.000000] e82: em0x0000-0xfebff] avaiblfor PCI dics
[    000000]ooin prairtualedkernl  KVM
  0.0000 clocksrce: refind-jiffie: sk0xffffff ax_cle 0xfffffff,max_idlens 7459600211568 ns
[   0.0000seuppepuNR_CPUS:51 n_cpuskits:52 _cpu_i:2nr_node_is:
[  00000 PCPU: Ebeed 3pas/cpu @fff8800c000 s98008192286 u10476
[  00000]  qspinckash tae ntrie: 6 order: 0, 096 yt)
[  0.00000] uit 1 zonlitsin Node ode mobility grupg on.Tol pages:257913
[   0.000] Poiczoe: DMA32
[  0.000] Kernel coan li: OT_IMAG=/ot/vliz-4.0-3-geneicoo=LABELcldimgoofs ro onlett1 console=ttS0
[   .00000] IDhashab entries4096 (orde:  3276bys)
[  0000000] Meory: 1014K/1480Kavailable(85K krnel code 129 rata, 388roata, 1492Kinit 16Kbss,63K reerd,0Kcmreseve)
[   0.000] SLUB: HWaig=6, Ord=03,MiObec=0, Cs= Node1[  0.00000] Hierarchicl CU plentation.
[    0.000000] 	Build-timedjustmentofleaf faouto64.
  0.00000] CU restrcting CUsfrom NRCP=512o _cpu_ids=
[   0.00000] RU:djusngeomeryor r_fout_ea64 nr_cpuid2
[    000000] NIRS:3324r_iqs:44 1
[    0000] Cso: coou VA+ 8x2
[    0.000] onso [ty1] enale
[   .00000] console ttyS0]nable
  0.000000] tsc: Detected 2199.998 MHz processor
[   29.756546] Calibrating delay loop (skipped) preset value.. 4399.99 BogoMIPS (lpj=8799992)
[   29.958849] pid_max: default: 32768 minimum: 301
[   30.054665] ACPI: Core revision 20150930
[   30.154706] ACPI: 2 ACPI AML tables successfully acquired and loaded
[   30.294456] Security Framework initialized
[   30.382929] Yama: becoming mindful.
[   30.461751] AppArmor: AppArmor initialized
[   30.565177] Dentry cache hash table entries: 131072 (order: 8, 1048576 bytes)
[   30.732564] Inode-cache hash table entries: 65536 (order: 7, 524288 bytes)
[   30.893903] Mount-cache hash table entries: 2048 (order: 2, 16384 bytes)
[   31.015078] Mountpoint-cache hash table entries: 2048 (order: 2, 16384 bytes)
[   31.182740] Initializing cgroup subsys io
[   31.258771] Initializing cgroup subsys memory
[   31.352990] Initializing cgroup subsys devices
[   31.451556] Initializing cgroup subsys freezer
[   31.566157] Initializing cgroup subsys net_cls
[   31.667157] Initializing cgroup subsys perf_event
[   31.779062] Initializing cgroup subsys net_prio
[   31.852534] Initializing cgroup subsys hugetlb
[   31.952557] Initializing cgroup subsys pids
[   32.027003] CPU: Physical Processor ID: 0
[   32.119846] CPU: Processor Core ID: 0
[   32.205859] mce: CPU supports 0 MCE banks
[   32.302354] Last level iTLB entries: 4KB 64, 2MB 8, 4MB 8
[   32.422348] Last level dTLB entries: 4KB 64, 2MB 0, 4MB 0, 1GB 4
[   32.529960] Freeing SMP alternatives memory: 32K
[   32.641468] ftrace: allocating 32158 entries in 126 pages
[   32.800025] smpboot: APIC(0) Converting physical 0 to logical package 0
[   32.882565] smpboot: Max logical packages: 1
[   32.960320] x2apic enabled
[   33.022696] Switched APIC routing to physical x2apic.
[   33.123839] ..TIMER: vector=0x30 apic1=0 pin1=2 apic2=-1 pin2=-1
[   33.366762] smpboot: CPU0: Intel(R) Core(TM) i7-5650U CPU @ 2.20GHz (family: 0x6, model: 0x3d, stepping: 0x4)
[   33.594347] Performance Events: unsupported p6 CPU model 61 no PMU driver, software events only.
[   33.805162] KVM setup paravirtual spinlock
[   33.909961] x86: Booting SMP configuration:
[   34.007915] .... node  #0, CPUs:      #1
[   34.074041] kvm-clock: cpu 1, msr 0:3ffe3041, secondary cpu clock
[   34.095192] mce: CPU supports 0 MCE banks
[   34.099889] x86: Booted up 1 node, 2 CPUs
[   34.189068] smpboot: Total of 2 processors activated (8799.99 BogoMIPS)
[   34.311155] devtmpfs: initialized
[   34.368177] evm: security.selinux
[   34.418045] evm: security.SMACK64
[   34.485956] evm: security.SMACK64EXEC
[   34.554083] evm: security.SMACK64TRANSMUTE
[   34.651341] evm: security.SMACK64MMAP
[   34.726682] evm: security.ima
[   34.780983] evm: security.capability
[   34.859266] clocksource: jiffies: mask: 0xffffffff max_cycles: 0xffffffff, max_idle_ns: 7645041785100000 ns
[   35.065218] futex hash table entries: 512 (order: 3, 32768 bytes)
[   35.167955] pinctrl core: initialized pinctrl subsystem
[   35.280609] RTC time:  3:05:28, date: 12/21/17
[   35.396295] NET: Registered protocol family 16
[   35.497797] cpuidle: using governor ladder
[   35.586433] cpuidle: using governor menu
[   35.673367] PCCT header not found.
[   35.729941] ACPI: bus type PCI registered
[   35.814953] acpiphp: ACPI Hot Plug PCI Controller Driver version: 0.5
[   35.957093] PCI: Using configuration type 1 for base access
[   36.073855] ACPI: Added _OSI(Module Device)
[   36.157135] ACPI: Added _OSI(Processor Device)
[   36.167479] ACPI: Added _OSI(3.0 _SCP Extensions)
[   36.226767] ACPI: Added _OSI(Processor Aggregator Device)
[   36.315421] ACPI: Executed 1 blocks of module-level executable AML code
[   36.440858] ACPI: Interpreter enabled
[   36.511057] ACPI: (supports S0 S5)
[   36.571193] ACPI: Using IOAPIC for interrupt routing
[   36.669946] PCI: Using host bridge windows from ACPI; if necessary, use "pci=nocrs" and report a bug
[   36.853464] ACPI: PCI Root Bridge [PCI0] (domain 0000 [bus 00-ff])
[   36.981844] acpi PNP0A03:00: _OSC: OS supports [ASPM ClockPM Segments MSI]
[   37.141324] acpi PNP0A03:00: _OSC: not requesting OS control; OS requires [ExtendedConfig ASPM ClockPM MSI]
[   37.322319] acpi PNP0A03:00: fail to add MMCONFIG information, can't access extended PCI configuration space under this bridge.
[   37.555722] PCI host bridge to bus 0000:00
[   37.651631] pci_bus 0000:00: root bus resource [io  0x0000-0x0cf7 window]
[   37.779755] pci_bus 0000:00: root bus resource [io  0x0d00-0xffff window]
[   37.916776] pci_bus 0000:00: root bus resource [mem 0x000a0000-0x000bffff window]
[   38.092591] pci_bus 0000:00: root bus resource [mem 0x40000000-0xfdffffff window]
[   38.239452] pci_bus 0000:00: root bus resource [bus 00-ff]
[   38.334710] pci 0000:00:01.1: legacy IDE quirk: reg 0x10: [io  0x01f0-0x01f7]
[   38.461205] pci 0000:00:01.1: legacy IDE quirk: reg 0x14: [io  0x03f6]
[   38.619616] pci 0000:00:01.1: legacy IDE quirk: reg 0x18: [io  0x0170-0x0177]
[   38.764933] pci 0000:00:01.1: legacy IDE quirk: reg 0x1c: [io  0x0376]
[   38.910813] pci 0000:00:07.0: quirk: [io  0x4000-0x403f] claimed by PIIX4 ACPI
[   39.040412] pci 0000:00:07.0: quirk: [io  0x4100-0x410f] claimed by PIIX4 SMB
[   39.200412] ACPI: PCI Interrupt Link [LNKA] (IRQs 5 9 10 *11)
[   39.293225] ACPI: PCI Interrupt Link [LNKB] (IRQs 5 9 *10 11)
[   39.393624] ACPI: PCI Interrupt Link [LNKC] (IRQs 5 *9 10 11)
[   39.484487] ACPI: PCI Interrupt Link [LNKD] (IRQs 5 9 10 *11)
[   39.556911] ACPI: Enabled 2 GPEs in block 00 to 07
[   39.654118] vgaarb: setting as boot device: PCI:0000:00:02.0
[   39.755768] vgaarb: device added: PCI:0000:00:02.0,decodes=io+mem,owns=io+mem,locks=none
[   39.899652] vgaarb: loaded
[   39.962037] vgaarb: bridge control possible 0000:00:02.0
[   40.079553] SCSI subsystem initialized
[   40.143515] ACPI: bus type USB registered
[   40.202934] usbcore: registered new interface driver usbfs
[   40.304306] usbcore: registered new interface driver hub
[   40.423847] usbcore: registered new device driver usb
[   40.516548] PCI: Using ACPI for IRQ routing
[   40.593066] NetLabel: Initializing
[   40.643491] NetLabel:  domain hash size = 128
[   40.712390] NetLabel:  protocols = UNLABELED CIPSOv4
[   40.784952] NetLabel:  unlabeled traffic allowed by default
[   40.873230] amd_nb: Cannot enumerate AMD northbridges
[   40.965386] clocksource: Switched to clocksource kvm-clock
[   .188 AArr:ppArmor Filesst Ebl
  1.0982pn P AI it[ 42219]npPnAC: un 3 devic
[   42.499298] clocksource: acpi_pm: mask: 0xffffff max_cycles: 0xffffff, max_idle_ns: 2085701024 ns
[   42.544715] NET: Registered protocol family 2
[   42.586687] TCP established hash table entries: 8192 (order: 4, 65536 bytes)
[   42.619395] TCP bind hash table entries: 8192 (order: 5, 131072 bytes)
[   42.652329] TCP: Hash tables configured (established 8192 bind 8192)
[   42.783940] UDP hash table entries: 512 (order: 2, 16384 bytes)
[   42.807309] UDP-Lite hash table entries: 512 (order: 2, 16384 bytes)
[   42.832959] NET: Registered protocol family 1
[   42.942545] pci 0000:00:00.0: Limiting direct PCI/PCI transfers
[   43.039088] pci 0000:00:01.0: Activating ISA DMA hang workarounds
[   43.188714] Unpacking initramfs...
[   44.949582] Freeing initrd memory: 10788K
[   45.000263] RAPL PMU detected, API unit is 2^-32 Joules, 4 fixed counters 10737418240 ms ovfl timer
[   45.093014] hw unit of domain pp0-core 2^-0 Joules
[   45.256105] hw unit of domain package 2^-0 Joules
[   45.372701] hw unit of domain dram 2^-0 Joules
[   45.461502] hw unit of domain pp1-gpu 2^-0 Joules
[   45.585681] platform rtc_cmos: registered platform RTC device (no PNP device found)
[   45.779674] Scanning for low memory corruption every 60 seconds
[   45.938503] audit: initializing netlink subsys (disabled)
[   46.045129] audit: type=2000 audit(1513825504.665:1): initialized
[   46.104472] Initialise system trusted keyring
[   46.123152] HugeTLB registered 2 MB page size, pre-allocated 0 pages
[   46.260558] zbud: loaded
[   46.335055] VFS: Disk quotas dquot_6.6.0
[   46.444017] VFS: Dquot-cache hash table entries: 512 (order 0, 4096 bytes)
[   46.601637] tsc: Refined TSC clocksource calibration: 2202.240 MHz
[   46.763003] clocksource: tsc: mask: 0xffffffffffffffff max_cycles: 0x1fbe76ccc46, max_idle_ns: 440795273580 ns
[   46.763293] squashfs: version 4.0 (2009/01/31) Phillip Lougher
[   46.995427] fuse init (API version 7.23)
[   46.995563] Key type big_key registered
[   46.995582] Allocating IMA MOK and blacklist keyrings.
[   46.995765] Key type asymmetric registered
[   46.995771] Asymmetric key parser 'x509' registered
[   46.995803] Block layer SCSI generic (bsg) driver version 0.4 loaded (major 249)
[   46.995826] io scheduler noop registered
[   46.995828] io scheduler deadline registered (default)
[   46.995855] io scheduler cfq registered
[   46.995932] pci_hotplug: PCI Hot Plug PCI Core version: 0.5
[   46.995936] pciehp: PCI Express Hot Plug Controller Driver version: 0.4
[   46.996224] ACPI: AC Adapter [AC] (off-line)
[   46.996269] input: Power Button as /devices/LNXSYSTM:00/LNXPWRBN:00/input/input0
[   46.996271] ACPI: Power Button [PWRF]
[   46.996347] input: Sleep Button as /devices/LNXSYSTM:00/LNXSLPBN:00/input/input1
[   46.996348] ACPI: Sleep Button [SLPF]
[   46.996487] GHES: HEST is not enabled!
[   46.997436] ACPI: Battery Slot [BAT0] (battery present)
[   46.997472] Serial: 8250/16550 driver, 32 ports, IRQ sharing enabled
[   47.178394] 00:02: ttyS0 at I/O 0x3f8 (irq = 4, base_baud = 115200) is a 16550A
[   47.198062] Linux agpgart interface v0.103
[   47.243819] loop: module loaded
[   47.244362] scsi host0: ata_piix
[   47.244408] scsi host1: ata_piix
[   47.244434] ata1: PATA max UDMA/33 cmd 0x1f0 ctl 0x3f6 bmdma 0xd000 irq 14
[   47.244435] ata2: PATA max UDMA/33 cmd 0x170 ctl 0x376 bmdma 0xd008 irq 15
[   47.244500] libphy: Fixed MDIO Bus: probed
[   47.244502] tun: Universal TUN/TAP device driver, 1.6
[   47.244503] tun: (C) 1999-2004 Max Krasnyansky <maxk@qualcomm.com>
[   47.244857] PPP generic driver version 2.4.2
[   47.244905] ehci_hcd: USB 2.0 'Enhanced' Host Controller (EHCI) Driver
[   47.244910] ehci-pci: EHCI PCI platform driver
[   47.244923] ehci-platform: EHCI generic platform driver
[   47.244930] ohci_hcd: USB 1.1 'Open' Host Controller (OHCI) Driver
[   47.244935] ohci-pci: OHCI PCI platform driver
[   47.244942] ohci-platform: OHCI generic platform driver
[   47.244948] uhci_hcd: USB Universal Host Controller Interface driver
[   47244995] i8042: PNP: PS/2 Controller [PNP0303:PS2K,PNP0f03:PS2M] at 0x60,0x64 irq 1,12
[   47.245428] serio: i8042 KBD port at 0x60,0x64 irq 1
[   47.245431] serio: i8042 AUX port at 0x60,0x64 irq 12
[   47.245512] mousedev: PS/2 mouse device common for all mice
[   47.245771] input: AT Translated Set 2 keyboard as /devices/platform/i8042/serio0/input/input2
[   47.246096] rtc_cmos rtc_cmos: rtc core: registered rtc_cmos as rtc0
[   47.266145] rtc_cmos rtc_cmos: alarms pp to one day, 114 bytes nvram
[   47.246149] i2c /dev entries driver
[   47.246193] device-mapper: uevent: version 1.0.3
[   47.246237] device-mapper: ioctl: 4.34.0-ioctl (2015-10-28) initialised: dm-devel@redhat.com
[   47.246250] ledtrig-cpu: registered to indicate activity on CPUs
[   47.246459] NET: Registered protocol family 10
[   47.246579] NET: Registered protocol family 17
[   47.246587] Key type dns_resolver registered
[   47.246692] microcode: CPU0 sig=0x306d4, pf=0x40, revision=0x0
[   47.247169] microcode: CPU1 sig=0x306d4, pf=0x40, revision=0x0
[   47.247190] microcode: Microcode Update Driver: v2.01 <tigran@aivazian.fsnet.co.uk>, Peter Oruba
[   47.247289] registered taskstats version 1
[   47.247305] Loading compiled-in X.509 certificates
[   47.247866] Loaded X.509 cert 'Build time autogenerated kernel key: 6495e09daeacef0cade9c1ea2246b74b6c79cd53'
[   47.247879] zswap: loaded using pool lzo/zbud
[   47.249314] Key type trusted registered
[   47.251429] Key type encrypted registered
[   47.251434] AppArmor: AppArmor sha1 policy hashing enabled
[   47.251437] ima: No TPM chip found, activating TPM-bypass!
[   47.251454] evm: HMAC attrs: 0x1
[   47.251805]   Magic number: 13:443:58
[   47.299588] rtc_cmos rtc_cmos: setting system clock to 2017-12-21 03:05:40 UTC (1513825540)
[   47.299693] BIOS EDD facility v0.16 2004-Jun-25, 0 devices found
[   47.299694] EDD information not available.
[   54.287616] Freeing unused kernel memory: 1492K
[   55.116727] Write protecting the kernel read-only data: 14336k
[   55.390600] Freeing unused kernel memory: 1744K
[   55.478474] Freeing unused kernel memory: 108K
Loading, please [   55.587888] random: systemd-udevd: uninitialized urandom read (16 bytes read, 9 bits of entropy available)
wait...
startin[   55.588406] random: udevadm: uninitialized urandom read (16 bytes read, 9 bits of entropy available)
g version 229
[   55.588421] random: udevadm: uninitialized urandom read (16 bytes read, 9 bits of entropy available)
[   55.594160] random: udevadm: uninitialized urandom read (16 bytes read, 9 bits of entropy available)
[   55.594190] random: udevadm: uninitialized urandom read (16 bytes read, 9 bits of entropy available)
[   55.594283] random: udevadm: uninitialized urandom read (16 bytes read, 9 bits of entropy available)
[   55.594317] random: udevadm: uninitialized urandom read (16 bytes read, 9 bits of entropy available)
[   55.594350] random: udevadm: uninitialized urandom read (16 bytes read, 9 bits of entropy available)
[   55.594385] random: udevadm: uninitialized urandom read (16 bytes read, 9 bits of entropy available)
[   55.594418] random: udevadm: uninitialized urandom read (16 bytes read, 9 bits of entropy available)
[   57.203034] e1000: Intel(R) PRO/1000 Network Driver - version 7.3.21-k8-NAPI
[   57.382213] e1000: Copyright (c) 1999-2006 Intel Corporation.
[   57.408473] Fusion MPT base driver 3.04.20
[   57.418660] Copyright (c) 1999-2008 LSI Corporation
[   57.430782] Fusion MPT SPI Host driver 3.04.20
[   57.448090] AVX2 version of gcm_enc/dec engaged.
[   57.504230] AES CTR mode by8 optimization enabled
[   57.629290] input: ImExPS/2 Generic Explorer Mouse as /devices/platform/i8042/serio1/input/input4
[   57.830372] e1000 0000:00:03.0 eth0: (PCI:33MHz:32-bit) 02:63:8e:2c:ef:cd
[   57.871684] e1000 0000:00:03.0 eth0: Intel(R) PRO/1000 Network Connection
[   58.392745] e1000 0000:00:08.0 eth1: (PCI:33MHz:32-bit) 08:00:27:1a:28:e5
[   58.547898] e1000 0000:00:08.0 eth1: Intel(R) PRO/1000 Network Connection
[   58.695487] mptbase: ioc0: Initiating bringup
[   58.772866] e1000 0000:00:03.0 enp0s3: renamed from eth0
[   58.890197] e1000 0000:00:08.0 enp0s8: renamed from eth1
[   58.933595] ioc0: LSI53C1030 A0: Capabilities={Initiator}
[   59.097788] scsi host2: ioc0: LSI53C1030 A0, FwRev=00000000h, Ports=1, MaxQ=256, IRQ=20
[   59.362070] scsi 2:0:0:0: Direct-Access     VBOX     HARDDISK         1.0  PQ: 0 ANSI: 5
[   59.482613] scsi target2:0:0: Beginning Domain Validation
[   59.593311] scsi target2:0:0: Domain Validation skipping write tests
[   60.303154] scsi target2:0:0: Ending Domain Validation
[   60.387936] scsi target2:0:0: asynchronous
[   60.417056] floppy0: no floppy controllers found
[   60.434687] scsi 2:0:1:0: Direct-Access     VBOX     HARDDISK         1.0  PQ: 0 ANSI: 5
[   60.492650] scsi target2:0:1: Beginning Domain Validation
[   60.684708] scsi target2:0:1: Domain Validation skipping write tests
[   60.854433] scsi target2:0:1: Ending Domain Validation
[   61.002770] scsi target2:0:1: asynchronous
[   61.081239] sd 2:0:0:0: Attached scsi generic sg0 type 0
[   61.152658] sd 2:0:0:0: [sda] 20971520 512-byte logical blocks: (10.7 GB/10.0 GiB)
[   61.266400] sd 2:0:1:0: [sdb] 20480 512-byte logical blocks: (10.5 MB/10.0 MiB)
[   61.266572] sd 2:0:1:0: Attached scsi generic sg1 type 0
[   61.523691] sd 2:0:0:0: [sda] Write Protect is off
[   61.623060] sd 2:0:1:0: [sdb] Write Protect is off
[   61.623255] sd 2:0:0:0: [sda] Incomplete mode parameter data
[   61.623257] sd 2:0:0:0: [sda] Assuming drive cache: write through
[   61.723244]  sda: sda1
[   61.724181] sd 2:0:0:0: [sda] Attached SCSI disk
[   62.228616] sd 2:0:1:0: [sdb] Incomplete mode parameter data
[   62.364330] sd 2:0:1:0: [sdb] Assuming drive cache: write through
[   62.494222] sd 2:0:1:0: [sdb] Attached SCSI disk
Begin: Loading e[   63.965956] md: linear personality registered for level -1
ssential drivers[   64.155401] md: multipath personality registered for level -4
 ... [   64.328962] md: raid0 personality registered for level 0
[   64.478492] md: raid1 personality registered for level 1
[   64.693576] raid6: sse2x1   gen()  9560 MB/s
[   64.885471] raid6: sse2x1   xor()  4000 MB/s
[   65.049613] raid6: sse2x2   gen() 10878 MB/s
[   65.225825] raid6: sse2x2   xor()  8189 MB/s
[   65.394053] raid6: sse2x4   gen() 14052 MB/s
[   65.561510] raid6: sse2x4   xor()  9977 MB/s
[   65.752322] raid6: avx2x1   gen() 19617 MB/s
[   65.941523] raid6: avx2x2   gen() 19508 MB/s
[   66.037672] raid6: avx2x4   gen() 23115 MB/s
[   66.146294] raid6: using algorithm avx2x4 gen() 23115 MB/s
[   66.291954] raid6: using avx2x2 recovery algorithm
[   66.454493] xor: automatically using best checksumming function:
[   66.609573]    avx       : 20920.000 MB/sec
[   66.691241] async_tx: api initialized (async)
[   66.785893] md: raid6 personality registered for level 6
[   66.819037] md: raid5 personality registered for level 5
[   66.906059] md: raid4 personality registered for level 4
[   67.009405] md: raid10 personality registered for level 10
done.
Begin: Running /scripts/init-premount ... done.
Begin: Mounting root file system ... Begin: R[   67.108465] Btrfs loaded
unning /scripts/local-top ... done.
Begin: Running /scripts/local-premount ... [   67.187542] EXT4-fs (sda1): mounted filesystem with ordered data mode. Opts: (null)
Scanning for Btrfs filesystems
done.
Warning: fsck not present, so skipping root file system
done.
Begin: Running /scripts/local-bottom ... done.
Begin: Running /scripts/init-bottom ... done.
[   67.568330] systemd[1]: systemd 229 running in system mode. (+PAM +AUDIT +SELINUX +IMA +APPARMOR +SMACK +SYSVINIT +UTMP +LIBCRYPTSETUP +GCRYPT +GNUTLS +ACL +XZ -LZ4 +SECCOMP +BLKID +ELFUTILS +KMOD -IDN)
[   68.050041] systemd[1]: Detected virtualization oracle.
[   68.137280] systemd[1]: Detected architecture x86-64.

Welcome to [1mUbuntu 16.04.3 LTS[0m!

[   68.182998] systemd[1]: Set hostname to <ubuntu>.
[   68.310028] systemd[1]: Initializing machine ID from random generator.
[   68.442152] systemd[1]: Installed transient /etc/machine-id file.
[   68.697812] random: nonblocking pool is initialized
[   69.116948] systemd[1]: Listening on Journal Socket (/dev/log).
[[0;32m  OK  [0m] Listening on Journal Socket (/dev/log).
[   69.277809] systemd[1]: Reached target Encrypted Volumes.
[[0;32m  OK  [0m] Reached target Encrypted Volumes.
[   69.494101] systemd[1]: Reached target User and Group Name Lookups.
[[0;32m  OK  [0m] Reached target User and Group Name Lookups.
[   69.826185] systemd[1]: Reached target Swap.
[[0;32m  OK  [0m] Reached target Swap.
[   70.046415] systemd[1]: Listening on Syslog Socket.
[[0;32m  OK  [0m] Listening on Syslog Socket.
[   70.233984] systemd[1]: Listening on LVM2 poll daemon socket.
[[0;32m  OK  [0m] Listening on LVM2 poll daemon socket.
[   70.377850] systemd[1]: Listening on Journal Socket.
[[0;32m  OK  [0m] Listening on Journal Socket.
[   70.598432] systemd[1]: Listening on udev Control Socket.
[[0;32m  OK  [0m] Listening on udev Control Socket.
[   70.838925] systemd[1]: Listening on /dev/initctl Compatibility Named Pipe.
[[0;32m  OK  [0m] Listening on /dev/initctl Compatibility Named Pipe.
[   71.171543] systemd[1]: Created slice System Slice.
[[0;32m  OK  [0m] Created slice System Slice.
[   71.298274] systemd[1]: Mounting Huge Pages File System...
         Mounting Huge Pages File System...
[   71.469598] systemd[1]: Starting Nameserver information manager...
         Starting Nameserver information manager...
[   71.654181] systemd[1]: Starting Remount Root and Kernel File Systems...
[   71.659924] EXT4-fs (sda1): re-mounted. Opts: (null)
         Starting Remount Root and Kernel File Systems...
[   72.002918] systemd[1]: Created slice system-serial\x2dgetty.slice.
[[0;32m  OK  [0m] Created slice system-serial\x2dgetty.slice.
[   72.310388] systemd[1]: Starting Uncomplicated firewall...
         Starting Uncomplicated firewall...
[   72.525775] systemd[1]: Starting Create list of required static device nodes for the current kernel...
         Starting Create list of required st... nodes for the current kernel...
[   72.654256] systemd[1]: Starting Set console keymap...
         Starting Set console keymap...
[   72.833653] systemd[1]: Mounting POSIX Message Queue File System...
         Mounting POSIX Message Queue File System...
[   72.926127] systemd[1]: Set up automount Arbitrary Executable File Formats File System Automount Point.
[[0;32m  OK  [0m] Set up automount Arbitrary Executab...ats File System Automount Point.
[   73.003641] systemd[1]: Started Trigger resolvconf update for networkd DNS.
[[0;32m  OK  [0m] Started Trigger resolvconf update for networkd DNS.
[   73.210924] systemd[1]: Created slice User and Session Slice.
[[0;32m  OK  [0m] Created slice User and Session Slice.
[   73.510054] systemd[1]: Reached target Slices.
[[0;32m  OK  [0m] Reached target Slices.
[   73.661650] systemd[1]: Mounting Debug File System...
         Mounting Debug File System...
[   73.790334] systemd[1]: Listening on udev Kernel Socket.
[[0;32m  OK  [0m] Listening on udev Kernel Socket.
[   74.007052] systemd[1]: Started Forward Password Requests to Wall Directory Watch.
[[0;32m  OK  [0m] Started Forward Password Requests to Wall Directory Watch.
[   74.334865] systemd[1]: Listening on Device-mapper event daemon FIFOs.
[[0;32m  OK  [0m] Listening on Device-mapper event daemon FIFOs.
[   74.554642] systemd[1]: Listening on LVM2 metadata daemon socket.
[[0;32m  OK  [0m] Listening on LVM2 metadata daemon socket.
[   74.725685] systemd[1]: Starting Monitoring of LVM2 mirrors, snapshots etc. using dmeventd or progress polling...
         Starting Monitoring of LVM2 mirrors... dmeventd or progress polling...
[   74.882193] systemd[1]: Listening on Journal Audit Socket.
[[0;32m  OK  [0m] Listening on Journal Audit Socket.
[   75.162187] systemd[1]: Starting Journal Service...
         Starting Journal Service...
[   75.254029] systemd[1]: Starting Load Kernel Modules...
[   75.378] LoadiniSI anor css2.87
         Startin[   75.886595] iscsi: registered transport (tcp)
g Load Kernel Modules...
[   76.023565] iscsi: registered transport (iser)
[   76.026346] systemd[1]: Mounted POSIX Message Queue File System.
[[0;32m  OK  [0m] Mounted POSIX Message Queue File System.
[   76.314697] systemd[1]: Mounted Debug File System.
[[0;32m  OK  [0m] Mounted Debug File System.
[   76.550617] systemd[1]: Mounted Huge Pages File System.
[[0;32m  OK  [0m] Mounted Huge Pages File System.
[   76.642104] systemd[1]: Started Journal Service.
[[0;32m  OK  [0m] Started Journal Service.
[[0;32m  OK  [0m] Started Remount Root and Kernel File Systems.
[[0;32m  OK  [0m] Started Uncomplicated firewall.
[[0;32m  OK  [0m] Started Create list of required sta...ce nodes for the current kernel.
[[0;32m  OK  [0m] Started Set console keymap.
[[0;32m  OK  [0m] Started Load Kernel Modules.
[[0;32m  OK  [0m] Started Nameserver information manager.
[[0;32m  OK  [0m] Started LVM2 metadata daemon.
         Starting Apply Kernel Variables...
         Mounting FUSE Control File System...
         Starting Create Static Device Nodes in /dev...
         Starting udev Coldplug all Devices...
         Starting Load/Save Random Seed...
         Starting Initial cloud-init job (pre-networking)...
         Starting Flush Journnl to Persistent Storage...
[[0;32m  OK  [0m] Mounted FUSE Control File System.
[[0;32m  OK  [0m] Started Monitoring of LVM2 mirrors,...ng dmeventd or progress polling.
[[0;32m  OK  [0m] Started Apply Kernel Variables.
[[0;32m  OK  [0m] Started Create Static Device Nodes in /dev.
[[0;32m  OK  [0m] Started Load/Save Random Seed.
[[0;32m  OK  [0m] Started udev Coldplug all Devices.
[[0;32m  OK  [0m] Started Flush Journal to Persistent Storage.
         Starting udev Kernel Device Manager...
[[0;32m  OK  [0m] Started udev Kernel Device Manager.
[[0;32m  OK  [0m] Started Dispatch Password Requests to Console Directory Watch.
[[0;32m  OK  [0m] Reached target Local File Systems (Pre).
[[0;32m  OK  [0m] Reached target Local File Systems.
         Starting Set console font and keymap...
         Starting Tell Plymouth To Write Out Runtime Data...
         Starting Commit a transient machine-id on disk...
[   38.390034] cloud-init[454]: Cloud-init v. 17.1 running 'init-local' at Thu, 21 Dec 2017 03:06:11 +0000. Up 38.02 seconds.
         Starting Create Volatile Files and Directories...
         Starting LSB: AppArmor initialization...
[[0;32m  OK  [0m] Started Tell Plymouth To Write Out Runtime Data.
[[0;32m  OK  [0m] Started Set console font and keymap.
[[0;32m  OK  [0m] Started Commit a transient machine-id on disk.
[[0;32m  OK  [0m] Started Create Volatile Files and Directories.
[[0;32m  OK  [0m] Started Initial cloud-init job (pre-networking).
[[0;32m  OK  [0m] Found device /dev/ttyS0.
[[0;32m  OK  [0m] Listening on Load/Save RF Kill Switch Status /dev/rfkill Watch.
[[0;32m  OK  [0m] Reached target Network (Pre).
         Starting Update UTMP about System Boot/Shutdown...
[[0;32m  OK  [0m] Reached target System Time Synchronized.
[[0;32m  OK  [0m] Created slice system-getty.slice.
[[0;32m  OK  [0m] Started Update UTMP about System Boot/Shutdown.
[[0;32m  OK  [0m] Started LSB: AppArmor initialization.
         Starting Raise network interfaces...
[[0;32m  OK  [0m] Started Raise network interfaces.
[[0;32m  OK  [0m] Reached target Network.
         Starting Initial cloud-init job (metadata service crawler)...
[   42.496205] cloud-init[945]: Cloud-init v. 17.1 running 'init' at Thu, 21 Dec 2017 03:06:15 +0000. Up 41.60 seconds.
[[0;32m  OK  [0m] Started Initial cloud-init job (metadata service crawler).
[   42.663563] cloud-init[945]: ci-info: ++++++++++++++++++++++++++++++++++++++Net device info++++++++++++++++++++++++++++++++++++++
[   42.980488] cloud-init[945]: ci-info: +--------+-------+----------------------------+---------------+-------+-------------------+
[   43.156990] cloud-init[945]: ci-info: | Device |   Up  |          Address           |      Mask     | Scope |     Hw-Address    |
[[0;32m  OK  [0m] Reached target Cloud-config availability.
[[0;32m  OK  [0m] Reached target System Initialization.
[   43.332305] cloud-init[945]: ci-info: +--------+-------+----------------------------+---------------+-------+-------------------+
[   43.664903] cloud-init[945]: ci-info: | enp0s3 |  True |         10.0.2.15          | 255.255.255.0 |   .   | 02:63:8e:2c:ef:cd |
[[0;32m  OK  [0m] Listening on UUID daemon activation socket.
[[0;32m  OK  [0m] Listening on D-Bus System Message Bus Socket.
[   43.821684] cloud-init[945]: ci-info: | enp0s3 |  True | fe80::63:8eff:fe2c:efcd/64 |       .       |  link | 02:63:8e:2c:ef:cd |
[   44.157297] cloud-init[945]: ci-info: | enp0s8 | False |             .              |       .       |   .   | 08:00:27:1a:28:e5 |
[[0;32m  OK  [0m] Listening on ACPID Listen Socket.
[   44.340626] cloud-init[945]: ci-info: |   lo   |  True |         127.0.0.1          |   255.0.0.0   |   .   |         .         |
[   44.517294] cloud-init[945]: ci-info: |   lo   |  True |          ::1/128           |       .       |  host |         .         |
         Starting LXD - unix socket.
[[0;32m  OK  [0m] Started Daily Cleanup of Temporary Directories.
[   44.702186] cloud-init[945]: ci-info: +--------+-------+----------------------------+---------------+-------+-------------------+
[   45.133734] cloud-init[945]: ci-info: +++++++++++++++++++++++++++Route IPv4 info++++++++++++++++++++++++++++
[[0;32m  OK  [0m[   45.284683] cloud-init[945]: ci-info: +-------+-------------+----------+---------------+-----------+-------+
[   45.284804] cloud-init[945]: ci-info: | Route | Destination | Gateway  |    Genmask    | Interface | Flags |
[   45.284878] cloud-init[945]: ci-info: +-------+-------------+----------+---------------+-----------+-------+
[   45.284926] cloud-init[945]: ci-info: |   0   |   0.0.0.0   | 10.0.2.2 |    0.0.0.0    |   enp0s3  |   UG  |
[   45.284969] cloud-init[945]: ci-info: |   1   |   10.0.2.0  | 0.0.0.0  | 255.255.255.0 |   enp0s3  |   U   |
[   45.285012] cloud-init[945]: ci-info: +-------+-------------+----------+---------------+-----------+-------+
[   45.285054] cloud-init[945]: Generating public/private rsa key pair.
[   45.285095] cloud-init[945]: Your identification has been saved in /etc/ssh/ssh_host_rsa_key.
[   45.285143] cloud-init[945]: Your public key has been saved in /etc/ssh/ssh_host_rsa_key.pub.
[   45.285186] cloud-init[945]: The key fingerprint is:
[   45.285327] cloud-init[945]: SHA256:hLDTHNi3/iVSOBQ1KoogNjUuDDCqzs1bwfENWQrwIvo root@ubuntu-xenial
[   45.285391] cloud-init[945]: The key's randomart image is:
[   45.285434] cloud-init[945]: +---[RSA 2048]----+
[   45.285477] cloud-init[945]: |=  +o+. .+o      |
[   45.285518] cloud-init[945]: |+.o +=oo*. .     |
[   45.285560] cloud-init[945]: |+* ooo=*oo       |
[   45.285667] cloud-init[945]: |=.+.oooo* .      |
[   45.285716] cloud-init[945]: |o . .o oS+       |
[   45.285764] cloud-init[945]: |o.o   . o . .    |
[   45.285806] cloud-init[945]: | oEo .   o o     |
[   45.285848] cloud-init[945]: |    o     .      |
[   45.285888] cloud-init[945]: |   .             |
[   45.285928] cloud-init[945]: +----[SHA256]-----+
[   45.285970] cloud-init[945]: Generating public/private dsa key pair.
[   45.286009] cloud-init[945]: Your identification has been saved in /etc/ssh/ssh_host_dsa_key.
[   45.286052] cloud-init[945]: Your public key has been saved in /etc/ssh/ssh_host_dsa_key.pub.
[   45.286096] cloud-init[945]: The key fingerprint is:
[   45.286138] cloud-init[945]: SHA256:XvRs5ct/Yz/wcV3JZ4e/fXP0II/pOZS0EjKmpi4A6Tg root@ubuntu-xenial
[   45.286184] cloud-init[945]: The key's randomart image is:
[   45.286226] cloud-init[945]: +---[DSA 1024]----+
[   45.286267] cloud-init[945]: |                 |
[   45.286307] cloud-init[945]: |                 |
[   45.286349] cloud-init[945]: | .        .   o..|
[   45.286389] cloud-init[945]: |o       +..o.o.o=|
[   45.286430] cloud-init[945]: |+      oSo.o+o.o=|
[   45.286470] cloud-init[945]: |E.    o. ...=o.o=|
[   45.286510] cloud-init[945]: | o   o  .  o ==o*|
[   45.286551] cloud-init[945]: |  . .       +..O*|
[   45.286593] cloud-init[945]: |   o.      .o.. @|
[   45.286634] cloud-init[945]: +----[SHA256]-----+
[   45.286675] cloud-init[945]: Generating public/private ecdsa key pair.
[   45.286716] cloud-init[945]: Your identification has been saved in /etc/ssh/ssh_host_ecdsa_key.
[   45.286759] cloud-init[945]: Your public key has been saved in /etc/ssh/ssh_host_ecdsa_key.pub.
[   45.286802] cloud-init[945]: The key fingerprint is:
[   45.286842] cloud-init[945]: SHA256:mdmBiHu1N2y0NKgY74ht0098t+q5ydVG9JRygUhUATs root@ubuntu-xenial
[   45.286884] cloud-init[945]: The key's randomart image is:
[   45.286923] cloud-init[945]: +---[ECDSA 256]---+
[   45.286965] cloud-init[945]: |          o++oo. |
[   45.287006] cloud-init[945]: |     . . o ...  o|
[   45.287049] cloud-init[945]: |    o . + =E ..o.|
[   45.287091] cloud-init[945]: |     = o X +..oo |
[   45.287131] cloud-init[945]: |    o + S B   . .|
[   45.287173] cloud-init[945]: |   o = . o . o   |
[   45.287213] cloud-init[945]: |  . = o o . o o  |
[   45.287283] cloud-init[945]: |   . . o o = o   |
[   45.287313] cloud-init[945]: |        ..Bo.    |
[   45.287339] cloud-init[945]: +----[SHA256]-----+
[   45.287365] cloud-init[945]: Generating public/private ed25519 key pair.
[   45.287392] cloud-init[945]: Your identification has been saved in /etc/ssh/ssh_host_ed25519_key.
[   45.287418] cloud-init[945]: Your public key has been saved in /etc/ssh/ssh_host_ed25519_key.pub.
[   49.497623] cloud-init[945]: The key fingerprint is:
[   49.497749] cloud-init[945]: SHA256:hIzHQpiwOkGFhFySU/fZ3uQAvCPGv7EMMBVLTK2VPYQ root@ubuntu-xenial
[   49.497836] cloud-init[945]: The key's randomart image is:
[   49.497920] cloud-init[945]: +--[ED25519 256]--+
[   49.498006] cloud-init[945]: |==**+=+.=.       |
[   49.498156] cloud-init[945]: |o*+.o*oE+o       |
[   49.498212] cloud-init[945]: |o . =.Booo..     |
[   49.498260] cloud-init[945]: |.. o B +. =      |
[   49.498308] cloud-init[945]: |o   + o S. o     |
[   49.498355] cloud-init[945]: | .   . o         |
[   49.498403] cloud-init[945]: |      o +        |
[   49.498452] cloud-init[945]: |       +         |
[   49.498500] cloud-init[945]: |                 |
[   49.498554] cloud-init[945]: +----[SHA256]-----+
] Started Timer to automatically refresh installed snaps.
[[0;32m  OK  [0m] Started ACPI Events Check.
[[0;32m  OK  [0m] Reached target Paths.
         Starting Socket activation for snappy daemon.
[[0;32m  OK  [0m] Reached target Network is Online.
[[0;32m  OK  [0m] Started Daily apt download activities.
[[0;32m  OK  [0m] Started Daily apt upgrade and clean activities.
[[0;32m  OK  [0m] Reached target Timers.
         Starting iSCSI initiator daemon (iscsid)...
[[0;32m  OK  [0m] Listening on LXD - unix socket.
[[0;32m  OK  [0m] Listening on Socket activation for snappy daemon.
[[0;32m  OK  [0m] Reached target Sockets.
[[0;32m  OK  [0m] Reached target Basic System.
         Starting /etc/rc.local Compatibility...
         Starting LSB: MD monitoring daemon...
         Starting LXD - container startup/shutdown...
         Starting Pollinate to seed the pseudo random number generator...
         Starting System Logging Service...
[[0;32m  OK  [0m] Started FUSE filesystem for LXC.
[[0;32m  OK  [0m] Started D-Bus System Message Bus.
         Starting Login Service...
[[0;32m  OK  [0m] Started Unattended Upgrades Shutdown.
         Starting Snappy daemon...
[[0;32m  OK  [0m] Started Regular background program processing daemon.
[[0;32m  OK  [0m] Started ACPI event daemon.
         Starting Apply the settings specified in cloud-config...
[[0;32m  OK  [0m] Started Deferred execution scheduler.
         Starting Accounts Service...
         Starting LSB: Record successful boot for GRUB...
[[0;32m  OK  [0m] Started System Logging Service.
[[0;32m  OK  [0m] Started Snappy daemon.
[[0;32m  OK  [0m] Started iSCSI initiator daemon (iscsid).
[[0;32m  OK  [0m] Started /etc/rc.local Compatibility.
[[0;32m  OK  [0m] Started LXD - container startup/shutdown.
[[0;32m  OK  [0m] Started Pollinate to seed the pseudo random number generator.
[[0;32m  OK  [0m] Started LSB: MD monitoring daemon.
[[0;32m  OK  [0m] Started Login Service.
[[0;32m  OK  [0m] Started LSB: Record successful boot for GRUB.
         Starting Authenticate and Authorize Users to Run Privileged Tasks...
         Starting OpenBSD Secure Shell server...
         Starting Login to default iSCSI targets...
[[0;32m  OK  [0m] Started OpenBSD Secure Shell server.
[[0;32m  OK  [0m] Started Authenticate and Authorize Users to Run Privileged Tasks.
[[0;32m  OK  [0m] Started Accounts Service.
[   52.952257] cloud-init[1123]: Generating locales (this might take a while)...
[[0;32m  OK  [0m] Started Login to default iSCSI targets.
[[0;32m  OK  [0m] Reached target Remote File Systems (Pre).
[[0;32m  OK  [0m] Reached target Remote File Systems.
         Starting Permit User Sessions...
         Starting LSB: Set the CPU Frequency Scaling governor to "ondemand"...
         Starting LSB: VirtualBox Linux Additions...
         Starting LSB: daemon to balance interrupts for SMP systems...
         Starting LSB: automatic crash report generation...
[[0;32m  OK  [0m] Started Permit User Sessions.
[[0;32m  OK  [0m] Started LSB: Set the CPU Frequency Scaling governor to "ondemand".
         Starting Terminate Plymouth Boot Screen...
         Starting Hold until boot process finishes up...
[[0;32m  OK  [0m] Started LSB: VirtualBox Linux Additions.
[[0;32m  OK  [0m] Started LSB: daemon to balance interrupts for SMP systems.
[[0;32m  OK  [0m] Started LSB: automatic crash report generation.
[[0;32m  OK  [0m] Started Terminate Plymouth Boot Screen.
[   54.158462] cloud-init[1123]:   en_US.UTF-8... done
[   54.228756] cloud-init[1123]: Generation complete.
[[0;32m  OK  [0m] Started Hold until boot process finishes up.
[[0;32m  OK  [0m] Started Getty on tty1.
[[0;32m  OK  [0m] Started Serial Getty on ttyS0.
[[0;32m  OK  [0m] Reached target Login Prompts.
         Starting Set console scheme...
[[0;32m  OK  [0m] Reached target Multi-User System.
[[0;32m  OK  [0m] Reached target Graphical Interface.
         Starting Update UTMP about System Runlevel Changes...
[[0;32m  OK  [0m] Started Set console scheme.
[[0;32m  OK  [0m] Started Update UTMP about System Runlevel Changes.
         Stopping OpenBSD Secure Shell server...
[[0;32m  OK  [0m] Stopped OpenBSD Secure Shell server.
         Starting OpenBSD Secure Shell server...
[[0;32m  OK  [0m] Started OpenBSD Secure Shell server.
[[0;32m  OK  [0m] Created slice User Slice of ubuntu.
         Starting User Manager for UID 1000...
[[0;32m  OK  [0m] Started User Manager for UID 1000.
[   55.261569] cloud-init[1123]: Cloud-init v. 17.1 running 'modules:config' at Thu, 21 Dec 2017 03:06:26 +0000. Up 52.69 seconds.
[[0;32m  OK  [0m] Started Session 1 of user ubuntu.
[[0;32m  OK  [0m] Started Apply the settings specified in cloud-config.
         Starting Execute cloud user/final scripts...
ci-info: no authorized ssh keys fingerprints found for user ubuntu.
<14>Dec 21 03:06:29 ec2: 
<14>Dec 21 03:06:29 ec2: #############################################################
<14>Dec 21 03:06:29 ec2: -----BEGIN SSH HOST KEY FINGERPRINTS-----
<14>Dec 21 03:06:29 ec2: 1024 SHA256:XvRs5ct/Yz/wcV3JZ4e/fXP0II/pOZS0EjKmpi4A6Tg root@ubuntu-xenial (DSA)
<14>Dec 21 03:06:29 ec2: 256 SHA256:mdmBiHu1N2y0NKgY74ht0098t+q5ydVG9JRygUhUATs root@ubuntu-xenial (ECDSA)
<14>Dec 21 03:06:29 ec2: 256 SHA256:hIzHQpiwOkGFhFySU/fZ3uQAvCPGv7EMMBVLTK2VPYQ root@ubuntu-xenial (ED25519)
<14>Dec 21 03:06:29 ec2: 2048 SHA256:hLDTHNi3/iVSOBQ1KoogNjUuDDCqzs1bwfENWQrwIvo root@ubuntu-xenial (RSA)
<14>Dec 21 03:06:29 ec2: -----END SSH HOST KEY FINGERPRINTS-----
<14>Dec 21 03:06:29 ec2: #############################################################
-----BEGIN SSH HOST KEY KEYS-----
ecdsa-sha2-nistp256 AAAAE2VjZHNhLXNoYTItbmlzdHAyNTYAAAAIbmlzdHAyNTYAAABBBBBWfmUeHj1TGlnHd+N6DMVDmJ8GlOpQuzRUs5HZU6ofuEkxpRn182fIrftV6NBVqR+24D89l7oNw2ZXpbiDNwU= root@ubuntu-xenial
ssh-ed25519 AAAAC3NzaC1lZDI1NTE5AAAAIGh0QGf3vWSw8ahzzQrmw32VeLujVPFRn0PEjH/+s4l7 root@ubuntu-xenial
ssh-rsa AAAAB3NzaC1yc2EAAAADAQABAAABAQDQBhPVYYvX/r4vRB5OCmIdo2vYDDeTtNLL3XoOaljQCwe7WNGaeU1h7ufeJ3RejxQzd4DxdPzLuMYgZiXI4PTedDSJoXp3hLEk7HwhsoI7b3ZcBUo1A8lno9nXINIeRwnS3WCLXWgo3sySm/gBJL51R6K4QIy0e/WECKxsupxgxB+B1OTVo3S5hVc++9bCGUu+WJJDdxjoMPTh19tAh75XKJGSRkYj0/utlnsadEQDi7qPDo14mxynzTUarndRQY1Po14dmen1/nJj6SuSdsQUzPSQVcLyg39yN1KTM3JqS0lBquivhygI8g1nHEPPFiSnhBOO/sZTVn4jEzk3mP99 root@ubuntu-xenial
-----END SSH HOST KEY KEYS-----
         Stopping User Manager for UID 1000...
[[0;32m  OK  [0m] Stopped User Manager for UID 1000.
[   57.760188] cloud-init[1341]: Cloud-init v. 17.1 running 'modules:final' at Thu, 21 Dec 2017 03:06:29 +0000. Up 55.95 seconds.
[   57.944934] cloud-init[1341]: ci-info: no authorized ssh keys fingerprints found for user ubuntu.
[   58.052863] cloud-init[1341]: Cloud-init v. 17.1 finished at Thu, 21 Dec 2017 03:06:31 +0000. Datasource DataSourceNoCloud [seed=/dev/sdb][dsmode=net].  Up 57.75 seconds
[[0;32m  OK  [0m] Started Execute cloud user/final scripts.
[[0;32m  OK  [0m] Removed slice User Slice of ubuntu.
[[0;32m  OK  [0m] Reached target Cloud-init target.

Ubuntu 16.04.3 LTS ubuntu-xenial ttyS0

ubuntu-xenial login: 